[debug] [2024-07-02T13:26:11.535Z] ----------------------------------------------------------------------
[debug] [2024-07-02T13:26:11.541Z] Command:       C:\Users\hp\Desktop\MYPROJ~1\HELLO_~1\firebase-tools-instant-win.exe C:\Users\hp\.cache\firebase\tools\lib\node_modules\firebase-tools\lib\bin\firebase init
[debug] [2024-07-02T13:26:11.541Z] CLI Version:   13.12.0
[debug] [2024-07-02T13:26:11.542Z] Platform:      win32
[debug] [2024-07-02T13:26:11.542Z] Node Version:  v18.5.0
[debug] [2024-07-02T13:26:11.544Z] Time:          Tue Jul 02 2024 18:56:11 GMT+0530 (India Standard Time)
[debug] [2024-07-02T13:26:11.544Z] ----------------------------------------------------------------------
[debug] 
[debug] [2024-07-02T13:26:11.721Z] > command requires scopes: ["email","openid","https://www.googleapis.com/auth/cloudplatformprojects.readonly","https://www.googleapis.com/auth/firebase","https://www.googleapis.com/auth/cloud-platform"]
[debug] [2024-07-02T13:26:11.722Z] > authorizing via signed-in user (heman6527@gmail.com)
[info] 
     ######## #### ########  ######## ########     ###     ######  ########
     ##        ##  ##     ## ##       ##     ##  ##   ##  ##       ##
     ######    ##  ########  ######   ########  #########  ######  ######
     ##        ##  ##    ##  ##       ##     ## ##     ##       ## ##
     ##       #### ##     ## ######## ########  ##     ##  ######  ########

You're about to initialize a Firebase project in this directory:

  C:\Users\hp\Desktop\MyProjects\hello_dev

Before we get started, keep in mind:

  * You are initializing within an existing Firebase project directory

